[2018-07-23 18:56:54] (ERROR @ /mnt/sites/chistota-24/core/components/migx/model/migx/migx.class.php : 1815) PHP warning: htmlentities() expects parameter 1 to be string, array given
[2018-07-23 18:56:54] (ERROR @ /mnt/sites/chistota-24/core/xpdo/om/xpdoobject.class.php : 811) modTemplateVar: Attempt to set NOT NULL field description to NULL
[2018-07-23 18:58:02] (ERROR @ /mnt/sites/chistota-24/core/components/migx/model/migx/migx.class.php : 1815) PHP warning: htmlentities() expects parameter 1 to be string, array given
[2018-07-23 18:58:02] (ERROR @ /mnt/sites/chistota-24/core/xpdo/om/xpdoobject.class.php : 811) modTemplateVar: Attempt to set NOT NULL field description to NULL
[2018-07-23 18:58:19] (ERROR @ /mnt/sites/chistota-24/core/model/modx/modparser.class.php : 540) Could not find snippet with name ezednevViewTv.
[2018-07-23 18:58:19] (ERROR @ /mnt/sites/chistota-24/core/model/modx/modparser.class.php : 540) Could not find snippet with name ezednevViewTv.
[2018-07-23 18:58:19] (ERROR @ /mnt/sites/chistota-24/core/model/modx/modparser.class.php : 540) Could not find snippet with name ezednevViewTv.
[2018-07-23 18:58:19] (ERROR @ /mnt/sites/chistota-24/core/model/modx/modparser.class.php : 540) Could not find snippet with name ezednevViewTv.
[2018-07-23 19:00:36] (ERROR @ /mnt/sites/chistota-24/core/model/modx/modparser.class.php : 540) Could not find snippet with name ezednevViewTv.
[2018-07-23 19:00:36] (ERROR @ /mnt/sites/chistota-24/core/model/modx/modparser.class.php : 540) Could not find snippet with name ezednevViewTv.
[2018-07-23 19:00:36] (ERROR @ /mnt/sites/chistota-24/core/model/modx/modparser.class.php : 540) Could not find snippet with name ezednevViewTv.
[2018-07-23 19:00:36] (ERROR @ /mnt/sites/chistota-24/core/model/modx/modparser.class.php : 540) Could not find snippet with name ezednevViewTv.
[2018-07-23 19:11:56] (ERROR @ /mnt/sites/chistota-24/core/model/modx/modcachemanager.class.php : 344) Error caching lexicon topic lexicon/ru/core/resource
[2018-07-23 19:12:10] (ERROR @ /mnt/sites/chistota-24/core/model/modx/modcachemanager.class.php : 394) Error caching action map mgr/actions
[2018-07-23 19:17:05] (ERROR @ /mnt/sites/chistota-24/core/model/modx/modcachemanager.class.php : 344) Error caching lexicon topic lexicon/ru/core/default
[2018-07-23 19:17:05] (ERROR @ /mnt/sites/chistota-24/core/model/modx/modcachemanager.class.php : 394) Error caching action map mgr/actions
[2018-07-23 19:19:36] (ERROR @ /mnt/sites/chistota-24/core/model/modx/modcachemanager.class.php : 344) Error caching lexicon topic lexicon/ru/core/element
[2018-07-23 19:21:45] (ERROR @ /mnt/sites/chistota-24/core/model/modx/modcachemanager.class.php : 344) Error caching lexicon topic lexicon/en/core/default
[2018-07-23 19:21:45] (ERROR @ /mnt/sites/chistota-24/core/model/modx/modcachemanager.class.php : 344) Error caching lexicon topic lexicon/ru/core/default
[2018-07-23 19:21:45] (ERROR @ /mnt/sites/chistota-24/core/model/modx/modcachemanager.class.php : 394) Error caching action map mgr/actions
[2018-07-23 19:22:01] (ERROR @ /mnt/sites/chistota-24/core/model/modx/modcachemanager.class.php : 394) Error caching action map mgr/actions
[2018-07-23 19:22:01] (ERROR @ /mnt/sites/chistota-24/core/model/modx/modcachemanager.class.php : 344) Error caching lexicon topic lexicon/ru/core/element
[2018-07-23 19:22:15] (ERROR @ /mnt/sites/chistota-24/core/model/modx/modcachemanager.class.php : 344) Error caching lexicon topic lexicon/ru/core/default
[2018-07-23 19:22:15] (ERROR @ /mnt/sites/chistota-24/core/model/modx/modcachemanager.class.php : 394) Error caching action map mgr/actions
[2018-07-23 19:23:03] (ERROR @ /mnt/sites/chistota-24/core/model/modx/modcachemanager.class.php : 344) Error caching lexicon topic lexicon/ru/core/resource
[2018-07-23 19:25:00] (ERROR @ /mnt/sites/chistota-24/core/model/modx/modcachemanager.class.php : 344) Error caching lexicon topic lexicon/en/core/default
[2018-07-23 19:25:00] (ERROR @ /mnt/sites/chistota-24/core/model/modx/modcachemanager.class.php : 344) Error caching lexicon topic lexicon/ru/core/default
[2018-07-23 19:25:00] (ERROR @ /mnt/sites/chistota-24/core/model/modx/modcachemanager.class.php : 394) Error caching action map mgr/actions
[2018-07-23 19:30:41] (ERROR @ /mnt/sites/chistota-24/core/model/modx/modcachemanager.class.php : 344) Error caching lexicon topic lexicon/ru/core/resource
[2018-07-23 19:33:07] (ERROR @ /mnt/sites/chistota-24/core/model/modx/modparser.class.php : 540) Could not find snippet with name ezednevViewTv.
[2018-07-23 19:33:07] (ERROR @ /mnt/sites/chistota-24/core/model/modx/modparser.class.php : 540) Could not find snippet with name ezednevViewTv.
[2018-07-23 19:33:07] (ERROR @ /mnt/sites/chistota-24/core/model/modx/modparser.class.php : 540) Could not find snippet with name ezednevViewTv.
[2018-07-23 19:33:07] (ERROR @ /mnt/sites/chistota-24/core/model/modx/modparser.class.php : 540) Could not find snippet with name ezednevViewTv.
[2018-07-23 19:41:50] (ERROR @ /mnt/sites/chistota-24/core/model/modx/modparser.class.php : 540) Could not find snippet with name ezednevViewTv.
[2018-07-23 19:41:50] (ERROR @ /mnt/sites/chistota-24/core/model/modx/modparser.class.php : 540) Could not find snippet with name ezednevViewTv.
[2018-07-23 19:41:50] (ERROR @ /mnt/sites/chistota-24/core/model/modx/modparser.class.php : 540) Could not find snippet with name ezednevViewTv.
[2018-07-23 19:41:50] (ERROR @ /mnt/sites/chistota-24/core/model/modx/modparser.class.php : 540) Could not find snippet with name ezednevViewTv.
[2018-07-23 19:41:58] (ERROR @ /mnt/sites/chistota-24/core/model/modx/modparser.class.php : 540) Could not find snippet with name ezednevViewTv.
[2018-07-23 19:41:58] (ERROR @ /mnt/sites/chistota-24/core/model/modx/modparser.class.php : 540) Could not find snippet with name ezednevViewTv.
[2018-07-23 19:41:58] (ERROR @ /mnt/sites/chistota-24/core/model/modx/modparser.class.php : 540) Could not find snippet with name ezednevViewTv.
[2018-07-23 19:41:58] (ERROR @ /mnt/sites/chistota-24/core/model/modx/modparser.class.php : 540) Could not find snippet with name ezednevViewTv.
[2018-07-23 19:42:57] (ERROR @ /mnt/sites/chistota-24/core/model/modx/modcachemanager.class.php : 344) Error caching lexicon topic lexicon/en/core/default
[2018-07-23 19:42:57] (ERROR @ /mnt/sites/chistota-24/core/model/modx/modcachemanager.class.php : 344) Error caching lexicon topic lexicon/ru/core/default
[2018-07-23 19:42:57] (ERROR @ /mnt/sites/chistota-24/core/model/modx/modcachemanager.class.php : 394) Error caching action map mgr/actions
[2018-07-23 19:44:07] (ERROR @ /mnt/sites/chistota-24/core/model/phpthumb/modphpthumb.class.php : 144) phpThumb was unable to generate a thumbnail for: /mnt/sites/chistota-24/core/cache/phpthumb/chistota-24.ru__src0a38736cad8e7e5957ae5260d028ffaa_par0ba78bb0326502335f8683fdf331013a_dat0.jpeg
[2018-07-23 19:44:07] (ERROR @ /mnt/sites/chistota-24/core/model/phpthumb/modphpthumb.class.php : 156) Error outputting thumbnail:
OutputThumbnail() failed because !is_resource($this->gdimg_output) in file "phpthumb.class.php" on line 618
[2018-07-23 19:45:09] (ERROR @ /mnt/sites/chistota-24/core/model/modx/modparser.class.php : 540) Could not find snippet with name ezednevViewTv.
[2018-07-23 19:45:09] (ERROR @ /mnt/sites/chistota-24/core/model/modx/modparser.class.php : 540) Could not find snippet with name ezednevViewTv.
[2018-07-23 19:45:09] (ERROR @ /mnt/sites/chistota-24/core/model/modx/modparser.class.php : 540) Could not find snippet with name ezednevViewTv.
[2018-07-23 19:45:09] (ERROR @ /mnt/sites/chistota-24/core/model/modx/modparser.class.php : 540) Could not find snippet with name ezednevViewTv.
[2018-07-23 19:47:36] (ERROR @ /mnt/sites/chistota-24/core/model/modx/modparser.class.php : 540) Could not find snippet with name ezednevViewTv.
[2018-07-23 19:47:36] (ERROR @ /mnt/sites/chistota-24/core/model/modx/modparser.class.php : 540) Could not find snippet with name ezednevViewTv.
[2018-07-23 19:47:36] (ERROR @ /mnt/sites/chistota-24/core/model/modx/modparser.class.php : 540) Could not find snippet with name ezednevViewTv.
[2018-07-23 19:47:36] (ERROR @ /mnt/sites/chistota-24/core/model/modx/modparser.class.php : 540) Could not find snippet with name ezednevViewTv.
[2018-07-23 19:48:03] (ERROR @ /mnt/sites/chistota-24/core/model/modx/modparser.class.php : 540) Could not find snippet with name ezednevViewTv.
[2018-07-23 19:48:03] (ERROR @ /mnt/sites/chistota-24/core/model/modx/modparser.class.php : 540) Could not find snippet with name ezednevViewTv.
[2018-07-23 19:48:03] (ERROR @ /mnt/sites/chistota-24/core/model/modx/modparser.class.php : 540) Could not find snippet with name ezednevViewTv.
[2018-07-23 19:48:03] (ERROR @ /mnt/sites/chistota-24/core/model/modx/modparser.class.php : 540) Could not find snippet with name ezednevViewTv.
[2018-07-23 19:48:21] (ERROR @ /mnt/sites/chistota-24/core/model/modx/modparser.class.php : 540) Could not find snippet with name ezednevViewTv.
[2018-07-23 19:48:21] (ERROR @ /mnt/sites/chistota-24/core/model/modx/modparser.class.php : 540) Could not find snippet with name ezednevViewTv.
[2018-07-23 19:48:21] (ERROR @ /mnt/sites/chistota-24/core/model/modx/modparser.class.php : 540) Could not find snippet with name ezednevViewTv.
[2018-07-23 19:48:21] (ERROR @ /mnt/sites/chistota-24/core/model/modx/modparser.class.php : 540) Could not find snippet with name ezednevViewTv.
[2018-07-23 19:56:16] (ERROR @ /mnt/sites/chistota-24/core/model/modx/modparser.class.php : 540) Could not find snippet with name ezednevViewTv.
[2018-07-23 19:56:16] (ERROR @ /mnt/sites/chistota-24/core/model/modx/modparser.class.php : 540) Could not find snippet with name ezednevViewTv.
[2018-07-23 19:56:16] (ERROR @ /mnt/sites/chistota-24/core/model/modx/modparser.class.php : 540) Could not find snippet with name ezednevViewTv.
[2018-07-23 19:56:16] (ERROR @ /mnt/sites/chistota-24/core/model/modx/modparser.class.php : 540) Could not find snippet with name ezednevViewTv.
[2018-07-23 19:58:06] (ERROR @ /mnt/sites/chistota-24/core/model/modx/modparser.class.php : 540) Could not find snippet with name ezednevViewTv.
[2018-07-23 19:58:06] (ERROR @ /mnt/sites/chistota-24/core/model/modx/modparser.class.php : 540) Could not find snippet with name ezednevViewTv.
[2018-07-23 19:58:06] (ERROR @ /mnt/sites/chistota-24/core/model/modx/modparser.class.php : 540) Could not find snippet with name ezednevViewTv.
[2018-07-23 19:58:06] (ERROR @ /mnt/sites/chistota-24/core/model/modx/modparser.class.php : 540) Could not find snippet with name ezednevViewTv.
[2018-07-23 19:58:06] (ERROR @ /mnt/sites/chistota-24/core/model/modx/modparser.class.php : 540) Could not find snippet with name ezednevViewTv.
[2018-07-23 19:58:06] (ERROR @ /mnt/sites/chistota-24/core/model/modx/modparser.class.php : 540) Could not find snippet with name ezednevViewTv.
[2018-07-23 19:58:06] (ERROR @ /mnt/sites/chistota-24/core/model/modx/modparser.class.php : 540) Could not find snippet with name ezednevViewTv.
[2018-07-23 19:58:06] (ERROR @ /mnt/sites/chistota-24/core/model/modx/modparser.class.php : 540) Could not find snippet with name ezednevViewTv.
[2018-07-23 20:04:03] (ERROR @ /mnt/sites/chistota-24/core/model/modx/modparser.class.php : 540) Could not find snippet with name ezednevViewTv.
[2018-07-23 20:04:03] (ERROR @ /mnt/sites/chistota-24/core/model/modx/modparser.class.php : 540) Could not find snippet with name ezednevViewTv.
[2018-07-23 20:04:03] (ERROR @ /mnt/sites/chistota-24/core/model/modx/modparser.class.php : 540) Could not find snippet with name ezednevViewTv.
[2018-07-23 20:04:03] (ERROR @ /mnt/sites/chistota-24/core/model/modx/modparser.class.php : 540) Could not find snippet with name ezednevViewTv.
[2018-07-23 20:16:59] (ERROR @ /mnt/sites/chistota-24/core/model/modx/modparser.class.php : 540) Could not find snippet with name ezednevViewTv.
[2018-07-23 20:16:59] (ERROR @ /mnt/sites/chistota-24/core/model/modx/modparser.class.php : 540) Could not find snippet with name ezednevViewTv.
[2018-07-23 20:16:59] (ERROR @ /mnt/sites/chistota-24/core/model/modx/modparser.class.php : 540) Could not find snippet with name ezednevViewTv.
[2018-07-23 20:16:59] (ERROR @ /mnt/sites/chistota-24/core/model/modx/modparser.class.php : 540) Could not find snippet with name ezednevViewTv.
